The system is: Darwin - 18.5.0 - x86_64
Compiling the C compiler identification source file "CMakeCCompilerId.c" succeeded.
Compiler: /Library/Developer/CommandLineTools/usr/bin/cc 
Build flags: -march=core2;-mtune=haswell;-mssse3;-ftree-vectorize;-fPIC;-fPIE;-fstack-protector-strong;-O2;-pipe
Id flags:  

The output was:
0


Compilation of the C compiler identification source "CMakeCCompilerId.c" produced "a.out"

The C compiler identification is AppleClang, found in "/Users/billxu/Desktop/CorrMat/New/cmake-build-debug/CMakeFiles/3.13.4/CompilerIdC/a.out"

Determining if the C compiler works passed with the following output:
Change Dir: /Users/billxu/Desktop/CorrMat/New/cmake-build-debug/CMakeFiles/CMakeTmp

Run Build Command:"/anaconda3/bin/make" "cmTC_6149a/fast"
/anaconda3/bin/make -f CMakeFiles/cmTC_6149a.dir/build.make CMakeFiles/cmTC_6149a.dir/build
make[1]: Entering directory '/Users/billxu/Desktop/CorrMat/New/cmake-build-debug/CMakeFiles/CMakeTmp'
Building C object CMakeFiles/cmTC_6149a.dir/testCCompiler.c.o
/Library/Developer/CommandLineTools/usr/bin/cc   -march=core2 -mtune=haswell -mssse3 -ftree-vectorize -fPIC -fPIE -fstack-protector-strong -O2 -pipe  -isysroot /Applications/Xcode.app/Contents/Developer/Platforms/MacOSX.platform/Developer/SDKs/MacOSX10.14.sdk   -o CMakeFiles/cmTC_6149a.dir/testCCompiler.c.o   -c /Users/billxu/Desktop/CorrMat/New/cmake-build-debug/CMakeFiles/CMakeTmp/testCCompiler.c
Linking C executable cmTC_6149a
/Applications/CLion.app/Contents/bin/cmake/mac/bin/cmake -E cmake_link_script CMakeFiles/cmTC_6149a.dir/link.txt --verbose=1
/Library/Developer/CommandLineTools/usr/bin/cc -march=core2 -mtune=haswell -mssse3 -ftree-vectorize -fPIC -fPIE -fstack-protector-strong -O2 -pipe  -isysroot /Applications/Xcode.app/Contents/Developer/Platforms/MacOSX.platform/Developer/SDKs/MacOSX10.14.sdk -Wl,-search_paths_first -Wl,-headerpad_max_install_names -Wl,-pie -Wl,-headerpad_max_install_names -Wl,-dead_strip_dylibs  CMakeFiles/cmTC_6149a.dir/testCCompiler.c.o  -o cmTC_6149a 
make[1]: Leaving directory '/Users/billxu/Desktop/CorrMat/New/cmake-build-debug/CMakeFiles/CMakeTmp'


Detecting C compiler ABI info compiled with the following output:
Change Dir: /Users/billxu/Desktop/CorrMat/New/cmake-build-debug/CMakeFiles/CMakeTmp

Run Build Command:"/anaconda3/bin/make" "cmTC_a3563/fast"
/anaconda3/bin/make -f CMakeFiles/cmTC_a3563.dir/build.make CMakeFiles/cmTC_a3563.dir/build
make[1]: Entering directory '/Users/billxu/Desktop/CorrMat/New/cmake-build-debug/CMakeFiles/CMakeTmp'
Building C object CMakeFiles/cmTC_a3563.dir/CMakeCCompilerABI.c.o
/Library/Developer/CommandLineTools/usr/bin/cc   -march=core2 -mtune=haswell -mssse3 -ftree-vectorize -fPIC -fPIE -fstack-protector-strong -O2 -pipe  -isysroot /Applications/Xcode.app/Contents/Developer/Platforms/MacOSX.platform/Developer/SDKs/MacOSX10.14.sdk   -o CMakeFiles/cmTC_a3563.dir/CMakeCCompilerABI.c.o   -c /Applications/CLion.app/Contents/bin/cmake/mac/share/cmake-3.13/Modules/CMakeCCompilerABI.c
Linking C executable cmTC_a3563
/Applications/CLion.app/Contents/bin/cmake/mac/bin/cmake -E cmake_link_script CMakeFiles/cmTC_a3563.dir/link.txt --verbose=1
/Library/Developer/CommandLineTools/usr/bin/cc -march=core2 -mtune=haswell -mssse3 -ftree-vectorize -fPIC -fPIE -fstack-protector-strong -O2 -pipe  -isysroot /Applications/Xcode.app/Contents/Developer/Platforms/MacOSX.platform/Developer/SDKs/MacOSX10.14.sdk -Wl,-search_paths_first -Wl,-headerpad_max_install_names -Wl,-pie -Wl,-headerpad_max_install_names -Wl,-dead_strip_dylibs -v -Wl,-v CMakeFiles/cmTC_a3563.dir/CMakeCCompilerABI.c.o  -o cmTC_a3563 
Apple LLVM version 10.0.1 (clang-1001.0.46.3)
Target: x86_64-apple-darwin18.5.0
Thread model: posix
InstalledDir: /Library/Developer/CommandLineTools/usr/bin
 "/Library/Developer/CommandLineTools/usr/bin/ld" -demangle -lto_library /Library/Developer/CommandLineTools/usr/lib/libLTO.dylib -dynamic -arch x86_64 -macosx_version_min 10.14.0 -pie -syslibroot /Applications/Xcode.app/Contents/Developer/Platforms/MacOSX.platform/Developer/SDKs/MacOSX10.14.sdk -o cmTC_a3563 -search_paths_first -headerpad_max_install_names -pie -headerpad_max_install_names -dead_strip_dylibs -v CMakeFiles/cmTC_a3563.dir/CMakeCCompilerABI.c.o -lSystem /Library/Developer/CommandLineTools/usr/lib/clang/10.0.1/lib/darwin/libclang_rt.osx.a
@(#)PROGRAM:ld  PROJECT:ld64-450.3
BUILD 18:01:43 Mar 13 2019
configured to support archs: armv6 armv7 armv7s arm64 arm64e arm64_32 i386 x86_64 x86_64h armv6m armv7k armv7m armv7em
Library search paths:
	/Applications/Xcode.app/Contents/Developer/Platforms/MacOSX.platform/Developer/SDKs/MacOSX10.14.sdk/usr/lib
Framework search paths:
	/Applications/Xcode.app/Contents/Developer/Platforms/MacOSX.platform/Developer/SDKs/MacOSX10.14.sdk/System/Library/Frameworks/
make[1]: Leaving directory '/Users/billxu/Desktop/CorrMat/New/cmake-build-debug/CMakeFiles/CMakeTmp'


Parsed C implicit link information from above output:
  link line regex: [^( *|.*[/\])(ld|CMAKE_LINK_STARTFILE-NOTFOUND|([^/\]+-)?ld|collect2)[^/\]*( |$)]
  ignore line: [Change Dir: /Users/billxu/Desktop/CorrMat/New/cmake-build-debug/CMakeFiles/CMakeTmp]
  ignore line: []
  ignore line: [Run Build Command:"/anaconda3/bin/make" "cmTC_a3563/fast"]
  ignore line: [/anaconda3/bin/make -f CMakeFiles/cmTC_a3563.dir/build.make CMakeFiles/cmTC_a3563.dir/build]
  ignore line: [make[1]: Entering directory '/Users/billxu/Desktop/CorrMat/New/cmake-build-debug/CMakeFiles/CMakeTmp']
  ignore line: [Building C object CMakeFiles/cmTC_a3563.dir/CMakeCCompilerABI.c.o]
  ignore line: [/Library/Developer/CommandLineTools/usr/bin/cc   -march=core2 -mtune=haswell -mssse3 -ftree-vectorize -fPIC -fPIE -fstack-protector-strong -O2 -pipe  -isysroot /Applications/Xcode.app/Contents/Developer/Platforms/MacOSX.platform/Developer/SDKs/MacOSX10.14.sdk   -o CMakeFiles/cmTC_a3563.dir/CMakeCCompilerABI.c.o   -c /Applications/CLion.app/Contents/bin/cmake/mac/share/cmake-3.13/Modules/CMakeCCompilerABI.c]
  ignore line: [Linking C executable cmTC_a3563]
  ignore line: [/Applications/CLion.app/Contents/bin/cmake/mac/bin/cmake -E cmake_link_script CMakeFiles/cmTC_a3563.dir/link.txt --verbose=1]
  ignore line: [/Library/Developer/CommandLineTools/usr/bin/cc -march=core2 -mtune=haswell -mssse3 -ftree-vectorize -fPIC -fPIE -fstack-protector-strong -O2 -pipe  -isysroot /Applications/Xcode.app/Contents/Developer/Platforms/MacOSX.platform/Developer/SDKs/MacOSX10.14.sdk -Wl,-search_paths_first -Wl,-headerpad_max_install_names -Wl,-pie -Wl,-headerpad_max_install_names -Wl,-dead_strip_dylibs -v -Wl,-v CMakeFiles/cmTC_a3563.dir/CMakeCCompilerABI.c.o  -o cmTC_a3563 ]
  ignore line: [Apple LLVM version 10.0.1 (clang-1001.0.46.3)]
  ignore line: [Target: x86_64-apple-darwin18.5.0]
  ignore line: [Thread model: posix]
  ignore line: [InstalledDir: /Library/Developer/CommandLineTools/usr/bin]
  link line: [ "/Library/Developer/CommandLineTools/usr/bin/ld" -demangle -lto_library /Library/Developer/CommandLineTools/usr/lib/libLTO.dylib -dynamic -arch x86_64 -macosx_version_min 10.14.0 -pie -syslibroot /Applications/Xcode.app/Contents/Developer/Platforms/MacOSX.platform/Developer/SDKs/MacOSX10.14.sdk -o cmTC_a3563 -search_paths_first -headerpad_max_install_names -pie -headerpad_max_install_names -dead_strip_dylibs -v CMakeFiles/cmTC_a3563.dir/CMakeCCompilerABI.c.o -lSystem /Library/Developer/CommandLineTools/usr/lib/clang/10.0.1/lib/darwin/libclang_rt.osx.a]
    arg [/Library/Developer/CommandLineTools/usr/bin/ld] ==> ignore
    arg [-demangle] ==> ignore
    arg [-lto_library] ==> ignore, skip following value
    arg [/Library/Developer/CommandLineTools/usr/lib/libLTO.dylib] ==> skip value of -lto_library
    arg [-dynamic] ==> ignore
    arg [-arch] ==> ignore
    arg [x86_64] ==> ignore
    arg [-macosx_version_min] ==> ignore
    arg [10.14.0] ==> ignore
    arg [-pie] ==> ignore
    arg [-syslibroot] ==> ignore
    arg [/Applications/Xcode.app/Contents/Developer/Platforms/MacOSX.platform/Developer/SDKs/MacOSX10.14.sdk] ==> ignore
    arg [-o] ==> ignore
    arg [cmTC_a3563] ==> ignore
    arg [-search_paths_first] ==> ignore
    arg [-headerpad_max_install_names] ==> ignore
    arg [-pie] ==> ignore
    arg [-headerpad_max_install_names] ==> ignore
    arg [-dead_strip_dylibs] ==> ignore
    arg [-v] ==> ignore
    arg [CMakeFiles/cmTC_a3563.dir/CMakeCCompilerABI.c.o] ==> ignore
    arg [-lSystem] ==> lib [System]
    arg [/Library/Developer/CommandLineTools/usr/lib/clang/10.0.1/lib/darwin/libclang_rt.osx.a] ==> lib [/Library/Developer/CommandLineTools/usr/lib/clang/10.0.1/lib/darwin/libclang_rt.osx.a]
  Library search paths: [;/Applications/Xcode.app/Contents/Developer/Platforms/MacOSX.platform/Developer/SDKs/MacOSX10.14.sdk/usr/lib]
  Framework search paths: [;/Applications/Xcode.app/Contents/Developer/Platforms/MacOSX.platform/Developer/SDKs/MacOSX10.14.sdk/System/Library/Frameworks/]
  remove lib [System]
  remove lib [/Library/Developer/CommandLineTools/usr/lib/clang/10.0.1/lib/darwin/libclang_rt.osx.a]
  collapse library dir [/Applications/Xcode.app/Contents/Developer/Platforms/MacOSX.platform/Developer/SDKs/MacOSX10.14.sdk/usr/lib] ==> [/Applications/Xcode.app/Contents/Developer/Platforms/MacOSX.platform/Developer/SDKs/MacOSX10.14.sdk/usr/lib]
  collapse framework dir [/Applications/Xcode.app/Contents/Developer/Platforms/MacOSX.platform/Developer/SDKs/MacOSX10.14.sdk/System/Library/Frameworks/] ==> [/Applications/Xcode.app/Contents/Developer/Platforms/MacOSX.platform/Developer/SDKs/MacOSX10.14.sdk/System/Library/Frameworks]
  implicit libs: []
  implicit dirs: [/Applications/Xcode.app/Contents/Developer/Platforms/MacOSX.platform/Developer/SDKs/MacOSX10.14.sdk/usr/lib]
  implicit fwks: [/Applications/Xcode.app/Contents/Developer/Platforms/MacOSX.platform/Developer/SDKs/MacOSX10.14.sdk/System/Library/Frameworks]




Detecting C [-std=c11] compiler features compiled with the following output:
Change Dir: /Users/billxu/Desktop/CorrMat/New/cmake-build-debug/CMakeFiles/CMakeTmp

Run Build Command:"/anaconda3/bin/make" "cmTC_a862a/fast"
/anaconda3/bin/make -f CMakeFiles/cmTC_a862a.dir/build.make CMakeFiles/cmTC_a862a.dir/build
make[1]: Entering directory '/Users/billxu/Desktop/CorrMat/New/cmake-build-debug/CMakeFiles/CMakeTmp'
Building C object CMakeFiles/cmTC_a862a.dir/feature_tests.c.o
/Library/Developer/CommandLineTools/usr/bin/cc   -march=core2 -mtune=haswell -mssse3 -ftree-vectorize -fPIC -fPIE -fstack-protector-strong -O2 -pipe  -isysroot /Applications/Xcode.app/Contents/Developer/Platforms/MacOSX.platform/Developer/SDKs/MacOSX10.14.sdk   -std=c11 -o CMakeFiles/cmTC_a862a.dir/feature_tests.c.o   -c /Users/billxu/Desktop/CorrMat/New/cmake-build-debug/CMakeFiles/feature_tests.c
Linking C executable cmTC_a862a
/Applications/CLion.app/Contents/bin/cmake/mac/bin/cmake -E cmake_link_script CMakeFiles/cmTC_a862a.dir/link.txt --verbose=1
/Library/Developer/CommandLineTools/usr/bin/cc -march=core2 -mtune=haswell -mssse3 -ftree-vectorize -fPIC -fPIE -fstack-protector-strong -O2 -pipe  -isysroot /Applications/Xcode.app/Contents/Developer/Platforms/MacOSX.platform/Developer/SDKs/MacOSX10.14.sdk -Wl,-search_paths_first -Wl,-headerpad_max_install_names -Wl,-pie -Wl,-headerpad_max_install_names -Wl,-dead_strip_dylibs  CMakeFiles/cmTC_a862a.dir/feature_tests.c.o  -o cmTC_a862a 
make[1]: Leaving directory '/Users/billxu/Desktop/CorrMat/New/cmake-build-debug/CMakeFiles/CMakeTmp'


    Feature record: C_FEATURE:1c_function_prototypes
    Feature record: C_FEATURE:1c_restrict
    Feature record: C_FEATURE:1c_static_assert
    Feature record: C_FEATURE:1c_variadic_macros


Detecting C [-std=c99] compiler features compiled with the following output:
Change Dir: /Users/billxu/Desktop/CorrMat/New/cmake-build-debug/CMakeFiles/CMakeTmp

Run Build Command:"/anaconda3/bin/make" "cmTC_c326c/fast"
/anaconda3/bin/make -f CMakeFiles/cmTC_c326c.dir/build.make CMakeFiles/cmTC_c326c.dir/build
make[1]: Entering directory '/Users/billxu/Desktop/CorrMat/New/cmake-build-debug/CMakeFiles/CMakeTmp'
Building C object CMakeFiles/cmTC_c326c.dir/feature_tests.c.o
/Library/Developer/CommandLineTools/usr/bin/cc   -march=core2 -mtune=haswell -mssse3 -ftree-vectorize -fPIC -fPIE -fstack-protector-strong -O2 -pipe  -isysroot /Applications/Xcode.app/Contents/Developer/Platforms/MacOSX.platform/Developer/SDKs/MacOSX10.14.sdk   -std=c99 -o CMakeFiles/cmTC_c326c.dir/feature_tests.c.o   -c /Users/billxu/Desktop/CorrMat/New/cmake-build-debug/CMakeFiles/feature_tests.c
Linking C executable cmTC_c326c
/Applications/CLion.app/Contents/bin/cmake/mac/bin/cmake -E cmake_link_script CMakeFiles/cmTC_c326c.dir/link.txt --verbose=1
/Library/Developer/CommandLineTools/usr/bin/cc -march=core2 -mtune=haswell -mssse3 -ftree-vectorize -fPIC -fPIE -fstack-protector-strong -O2 -pipe  -isysroot /Applications/Xcode.app/Contents/Developer/Platforms/MacOSX.platform/Developer/SDKs/MacOSX10.14.sdk -Wl,-search_paths_first -Wl,-headerpad_max_install_names -Wl,-pie -Wl,-headerpad_max_install_names -Wl,-dead_strip_dylibs  CMakeFiles/cmTC_c326c.dir/feature_tests.c.o  -o cmTC_c326c 
make[1]: Leaving directory '/Users/billxu/Desktop/CorrMat/New/cmake-build-debug/CMakeFiles/CMakeTmp'


    Feature record: C_FEATURE:1c_function_prototypes
    Feature record: C_FEATURE:1c_restrict
    Feature record: C_FEATURE:0c_static_assert
    Feature record: C_FEATURE:1c_variadic_macros


Detecting C [-std=c90] compiler features compiled with the following output:
Change Dir: /Users/billxu/Desktop/CorrMat/New/cmake-build-debug/CMakeFiles/CMakeTmp

Run Build Command:"/anaconda3/bin/make" "cmTC_b3ef0/fast"
/anaconda3/bin/make -f CMakeFiles/cmTC_b3ef0.dir/build.make CMakeFiles/cmTC_b3ef0.dir/build
make[1]: Entering directory '/Users/billxu/Desktop/CorrMat/New/cmake-build-debug/CMakeFiles/CMakeTmp'
Building C object CMakeFiles/cmTC_b3ef0.dir/feature_tests.c.o
/Library/Developer/CommandLineTools/usr/bin/cc   -march=core2 -mtune=haswell -mssse3 -ftree-vectorize -fPIC -fPIE -fstack-protector-strong -O2 -pipe  -isysroot /Applications/Xcode.app/Contents/Developer/Platforms/MacOSX.platform/Developer/SDKs/MacOSX10.14.sdk   -std=c90 -o CMakeFiles/cmTC_b3ef0.dir/feature_tests.c.o   -c /Users/billxu/Desktop/CorrMat/New/cmake-build-debug/CMakeFiles/feature_tests.c
Linking C executable cmTC_b3ef0
/Applications/CLion.app/Contents/bin/cmake/mac/bin/cmake -E cmake_link_script CMakeFiles/cmTC_b3ef0.dir/link.txt --verbose=1
/Library/Developer/CommandLineTools/usr/bin/cc -march=core2 -mtune=haswell -mssse3 -ftree-vectorize -fPIC -fPIE -fstack-protector-strong -O2 -pipe  -isysroot /Applications/Xcode.app/Contents/Developer/Platforms/MacOSX.platform/Developer/SDKs/MacOSX10.14.sdk -Wl,-search_paths_first -Wl,-headerpad_max_install_names -Wl,-pie -Wl,-headerpad_max_install_names -Wl,-dead_strip_dylibs  CMakeFiles/cmTC_b3ef0.dir/feature_tests.c.o  -o cmTC_b3ef0 
make[1]: Leaving directory '/Users/billxu/Desktop/CorrMat/New/cmake-build-debug/CMakeFiles/CMakeTmp'


    Feature record: C_FEATURE:1c_function_prototypes
    Feature record: C_FEATURE:0c_restrict
    Feature record: C_FEATURE:0c_static_assert
    Feature record: C_FEATURE:0c_variadic_macros
